-------------------------------------------------------------------------------
Test set: com.planittesting.jupitertoys.tests.ShoppingTests
-------------------------------------------------------------------------------
Tests run: 5, Failures: 0, Errors: 1, Skipped: 0, Time elapsed: 26.154 s <<< FAILURE! - in com.planittesting.jupitertoys.tests.ShoppingTests
validateproductRate  Time elapsed: 9.294 s  <<< ERROR!
java.lang.Exception: Product Not Found Exception
	at com.planittesting.jupitertoys.tests.ShoppingTests.validateproductRate(ShoppingTests.java:24)

